nohup: ignoring input
[2026-07-22T12:20:16.842Z] [run_reliance_modelspace] checkpoints=['e007_A_fresh', 'e007_B_fresh', 'e007_C_xlsr_fresh'] cache_root=analysis\step3\_embcache_modelspace
[2026-07-22T12:21:14.296Z] [replaydf_generator_by_channel] row cap: 26160 -> 2000 rows (max_rows_per_level=500)
[2026-07-22T12:21:14.298Z] [replaydf_generator_by_channel] matrix assembled: n_levels=4 n_groups=109 n_outer=5 valid_ranks=[2] checkpoints=['e007_A_fresh', 'e007_B_fresh', 'e007_C_xlsr_fresh']
[2026-07-22T12:21:14.299Z] [replaydf_generator_by_channel] running nested crossfit (both estimators) for checkpoint=e007_A_fresh
[2026-07-22T12:24:19.188Z] [replaydf_generator_by_channel] running nested crossfit (both estimators) for checkpoint=e007_B_fresh
C:\Users\azimb\anaconda3\envs\repro_2a\Lib\site-packages\sklearn\linear_model\_logistic.py:599: ConvergenceWarning: lbfgs failed to converge after 500 iteration(s) (status=1):
STOP: TOTAL NO. OF ITERATIONS REACHED LIMIT

Increase the number of iterations to improve the convergence (max_iter=500).
You might also want to scale the data as shown in:
    https://scikit-learn.org/stable/modules/preprocessing.html
Please also refer to the documentation for alternative solver options:
    https://scikit-learn.org/stable/modules/linear_model.html#logistic-regression
  n_iter_i = _check_optimize_result(
C:\Users\azimb\anaconda3\envs\repro_2a\Lib\site-packages\sklearn\linear_model\_logistic.py:599: ConvergenceWarning: lbfgs failed to converge after 500 iteration(s) (status=1):
STOP: TOTAL NO. OF ITERATIONS REACHED LIMIT

Increase the number of iterations to improve the convergence (max_iter=500).
You might also want to scale the data as shown in:
    https://scikit-learn.org/stable/modules/preprocessing.html
Please also refer to the documentation for alternative solver options:
    https://scikit-learn.org/stable/modules/linear_model.html#logistic-regression
  n_iter_i = _check_optimize_result(
C:\Users\azimb\anaconda3\envs\repro_2a\Lib\site-packages\sklearn\linear_model\_logistic.py:599: ConvergenceWarning: lbfgs failed to converge after 500 iteration(s) (status=1):
STOP: TOTAL NO. OF ITERATIONS REACHED LIMIT

Increase the number of iterations to improve the convergence (max_iter=500).
You might also want to scale the data as shown in:
    https://scikit-learn.org/stable/modules/preprocessing.html
Please also refer to the documentation for alternative solver options:
    https://scikit-learn.org/stable/modules/linear_model.html#logistic-regression
  n_iter_i = _check_optimize_result(
C:\Users\azimb\anaconda3\envs\repro_2a\Lib\site-packages\sklearn\linear_model\_logistic.py:599: ConvergenceWarning: lbfgs failed to converge after 500 iteration(s) (status=1):
STOP: TOTAL NO. OF ITERATIONS REACHED LIMIT

Increase the number of iterations to improve the convergence (max_iter=500).
You might also want to scale the data as shown in:
    https://scikit-learn.org/stable/modules/preprocessing.html
Please also refer to the documentation for alternative solver options:
    https://scikit-learn.org/stable/modules/linear_model.html#logistic-regression
  n_iter_i = _check_optimize_result(
C:\Users\azimb\anaconda3\envs\repro_2a\Lib\site-packages\sklearn\linear_model\_logistic.py:599: ConvergenceWarning: lbfgs failed to converge after 500 iteration(s) (status=1):
STOP: TOTAL NO. OF ITERATIONS REACHED LIMIT

Increase the number of iterations to improve the convergence (max_iter=500).
You might also want to scale the data as shown in:
    https://scikit-learn.org/stable/modules/preprocessing.html
Please also refer to the documentation for alternative solver options:
    https://scikit-learn.org/stable/modules/linear_model.html#logistic-regression
  n_iter_i = _check_optimize_result(
[2026-07-22T12:29:36.792Z] [replaydf_generator_by_channel] running nested crossfit (both estimators) for checkpoint=e007_C_xlsr_fresh
[2026-07-22T12:39:32.257Z] [replaydf_generator_by_channel] battery complete: checkpoints=['e007_A_fresh', 'e007_B_fresh', 'e007_C_xlsr_fresh']
[2026-07-22T12:39:32.331Z] [battery] replaydf_generator_by_channel: wrote -> analysis\step3\reliance_modelspace_gen_rdf_replaydf_generator_by_channel.json
[2026-07-22T12:39:32.403Z] [done] wrote manifest -> analysis\step3\reliance_modelspace_gen_rdf.json
