sharg@erniyazov207942 MINGW64 ~/Desktop/next mission/RADAR AudioShield/new_model (dataset/asvspoof5-train)
$ cd "C:/Users/sharg/Desktop/next mission/RADAR AudioShield/new_model" && \
HF_HUB_OFFLINE=1 TRANSFORMERS_OFFLINE=1 PYTHONUNBUFFERED=1 python -u scripts/train_e002.py \
  --exp-config configs/experiments/e002_consistency_v1.yaml \
  --output-dir runs/e002_consistency_v1 2>&1 | tee runs/e002_consistency_v1_train.log
C:\Users\sharg\AppData\Local\Packages\PythonSoftwareFoundation.Python.3.11_qbz5n2kfra8p0\LocalCache\local-packages\Python311\site-packages\requests\__init__.py:113: RequestsDependencyWarning: urllib3 (2.5.0) or chardet (7.4.3)/charset_normalizer (3.4.3) doesn't match a supported version!
  warnings.warn(
Some weights of the model checkpoint at microsoft/wavlm-large were not used when initializing WavLMModel: ['encoder.pos_conv_embed.conv.weight_g', 'encoder.pos_conv_embed.conv.weight_v']
- This IS expected if you are initializing WavLMModel from the checkpoint of a model trained on another task or with another architecture (e.g. initializing a BertForSequenceClassification model from a BertForPreTraining model).
- This IS NOT expected if you are initializing WavLMModel from the checkpoint of a model that you expect to be exactly identical (initializing a BertForSequenceClassification model from a BertForSequenceClassification model).
Some weights of WavLMModel were not initialized from the model checkpoint at microsoft/wavlm-large and are newly initialized: ['encoder.pos_conv_embed.conv.parametrizations.weight.original0', 'encoder.pos_conv_embed.conv.parametrizations.weight.original1']
You should probably TRAIN this model on a down-stream task to be able to use it for predictions and inference.
[e002] backbone fully frozen (unfreeze_top_k=0)
C:\Users\sharg\Desktop\next mission\RADAR AudioShield\new_model\scripts\train_e002.py:125: FutureWarning: `torch.cuda.amp.GradScaler(args...)` is deprecated. Please use `torch.amp.GradScaler('cuda', args...)` instead.
  scaler = torch.cuda.amp.GradScaler(enabled=use_amp)
device=cuda amp=False train_rows=182357 corpora=['asvspoof5'] dev=['asvspoof5_clean', 'asvspoof5_deg'] lambda_kl=1.0 lambda_emb=0.5 unfreeze_top_k=0
C:\Users\sharg\Desktop\next mission\RADAR AudioShield\new_model\src\audioshield\training\loop_e002.py:30: FutureWarning: `torch.cuda.amp.autocast(args...)` is deprecated. Please use `torch.amp.autocast('cuda', args...)` instead.
  with torch.cuda.amp.autocast(enabled=use_amp):
C:\Users\sharg\Desktop\next mission\RADAR AudioShield\new_model\src\audioshield\training\loop_e002.py:84: FutureWarning: `torch.cuda.amp.autocast(args...)` is deprecated. Please use `torch.amp.autocast('cuda', args...)` instead.
  with torch.cuda.amp.autocast(enabled=use_amp):
epoch=1 dt=5419s steps=2000 loss=0.1193 cls=0.0377 con=0.0817 mean_deg_dev_eer=0.0754 per={'asvspoof5_clean': 0.0444, 'asvspoof5_deg': 0.0754}
epoch=2 dt=5225s steps=2000 loss=0.0842 cls=0.0206 con=0.0635 mean_deg_dev_eer=0.0775 per={'asvspoof5_clean': 0.0375, 'asvspoof5_deg': 0.0775}
epoch=3 dt=5202s steps=2000 loss=0.0688 cls=0.0174 con=0.0514 mean_deg_dev_eer=0.0974 per={'asvspoof5_clean': 0.051, 'asvspoof5_deg': 0.0974}
epoch=4 dt=5225s steps=2000 loss=0.0640 cls=0.0155 con=0.0485 mean_deg_dev_eer=0.0995 per={'asvspoof5_clean': 0.0513, 'asvspoof5_deg': 0.0995}
epoch=5 dt=5208s steps=2000 loss=0.0577 cls=0.0149 con=0.0429 mean_deg_dev_eer=0.1016 per={'asvspoof5_clean': 0.0375, 'asvspoof5_deg': 0.1016}
epoch=6 dt=5206s steps=2000 loss=0.0588 cls=0.0138 con=0.0450 mean_deg_dev_eer=0.1436 per={'asvspoof5_clean': 0.073, 'asvspoof5_deg': 0.1436}
epoch=7 dt=5201s steps=2000 loss=0.0532 cls=0.0123 con=0.0408 mean_deg_dev_eer=0.0882 per={'asvspoof5_clean': 0.0337, 'asvspoof5_deg': 0.0882}
early_stop epoch=7 best=0.0754

sharg@erniyazov207942 MINGW64 ~/Desktop/next mission/RADAR AudioShield/new_model (dataset/asvspoof5-train)
$



