
sharg@erniyazov207942 MINGW64 ~/Desktop/next mission/RADAR AudioShield/new_model (dataset/asvspoof5-train)
$ cd "C:/Users/sharg/Desktop/next mission/RADAR AudioShield/new_model" && \
HF_HUB_OFFLINE=1 TRANSFORMERS_OFFLINE=1 PYTHONUNBUFFERED=1 python -u scripts/train_e002.py \
  --exp-config configs/experiments/e005_multicorpus_frozen_v1.yaml \
  --output-dir runs/e005_multicorpus_frozen_v1 2>&1 | tee runs/e005_multicorpus_frozen_v1_train.log
C:\Users\sharg\AppData\Local\Packages\PythonSoftwareFoundation.Python.3.11_qbz5n2kfra8p0\LocalCache\local-packages\Python311\site-packages\requests\__init__.py:113: RequestsDependencyWarning: urllib3 (2.5.0) or chardet (7.4.3)/charset_normalizer (3.4.3) doesn't match a supported version!
  warnings.warn(
[e005] balanced sampler: 64000 samples/epoch across 4 corpora
Some weights of the model checkpoint at microsoft/wavlm-large were not used when initializing WavLMModel: ['encoder.pos_conv_embed.conv.weight_g', 'encoder.pos_conv_embed.conv.weight_v']
- This IS expected if you are initializing WavLMModel from the checkpoint of a model trained on another task or with another architecture (e.g. initializing a BertForSequenceClassification model from a BertForPreTraining model).
- This IS NOT expected if you are initializing WavLMModel from the checkpoint of a model that you expect to be exactly identical (initializing a BertForSequenceClassification model from a BertForSequenceClassification model).
Some weights of WavLMModel were not initialized from the model checkpoint at microsoft/wavlm-large and are newly initialized: ['encoder.pos_conv_embed.conv.parametrizations.weight.original0', 'encoder.pos_conv_embed.conv.parametrizations.weight.original1']
You should probably TRAIN this model on a down-stream task to be able to use it for predictions and inference.
[e002] backbone fully frozen (unfreeze_top_k=0)
C:\Users\sharg\Desktop\next mission\RADAR AudioShield\new_model\scripts\train_e002.py:174: FutureWarning: `torch.cuda.amp.GradScaler(args...)` is deprecated. Please use `torch.amp.GradScaler('cuda', args...)` instead.
  scaler = torch.cuda.amp.GradScaler(enabled=use_amp)
device=cuda amp=False train_rows=303238 corpora=['asvspoof5', 'diffssd', 'fakeorreal', 'vctk'] dev=['asvspoof5_clean', 'asvspoof5_deg', 'diffssd_clean', 'diffssd_deg', 'fakeorreal_clean', 'fakeorreal_deg', 'vctk_clean', 'vctk_deg'] lambda_kl=0.0 lambda_emb=0.0 unfreeze_top_k=0
C:\Users\sharg\Desktop\next mission\RADAR AudioShield\new_model\src\audioshield\training\loop_e002.py:30: FutureWarning: `torch.cuda.amp.autocast(args...)` is deprecated. Please use `torch.amp.autocast('cuda', args...)` instead.
  with torch.cuda.amp.autocast(enabled=use_amp):
C:\Users\sharg\Desktop\next mission\RADAR AudioShield\new_model\src\audioshield\training\loop_e002.py:84: FutureWarning: `torch.cuda.amp.autocast(args...)` is deprecated. Please use `torch.amp.autocast('cuda', args...)` instead.
  with torch.cuda.amp.autocast(enabled=use_amp):
epoch=1 dt=5841s steps=2000 loss=0.0939 cls=0.0939 con=0.0000 mean_deg_dev_eer=0.0705 per={'asvspoof5_clean': 0.053, 'asvspoof5_deg': 0.1174, 'diffssd_clean': 0.0306, 'diffssd_deg': 0.07, 'fakeorreal_clean': 0.012, 'fakeorreal_deg': 0.024, 'vctk_clean': nan, 'vctk_deg': nan}
epoch=2 dt=5708s steps=2000 loss=0.0457 cls=0.0457 con=0.0000 mean_deg_dev_eer=0.0545 per={'asvspoof5_clean': 0.051, 'asvspoof5_deg': 0.0995, 'diffssd_clean': 0.0205, 'diffssd_deg': 0.0511, 'fakeorreal_clean': 0.001, 'fakeorreal_deg': 0.013, 'vctk_clean': nan, 'vctk_deg': nan}
epoch=3 dt=5705s steps=2000 loss=0.0313 cls=0.0313 con=0.0000 mean_deg_dev_eer=0.0559 per={'asvspoof5_clean': 0.0441, 'asvspoof5_deg': 0.0971, 'diffssd_clean': 0.017, 'diffssd_deg': 0.0545, 'fakeorreal_clean': 0.0, 'fakeorreal_deg': 0.016, 'vctk_clean': nan, 'vctk_deg': nan}
epoch=4 dt=5695s steps=2000 loss=0.0276 cls=0.0276 con=0.0000 mean_deg_dev_eer=0.0507 per={'asvspoof5_clean': 0.031, 'asvspoof5_deg': 0.093, 'diffssd_clean': 0.0189, 'diffssd_deg': 0.0511, 'fakeorreal_clean': 0.001, 'fakeorreal_deg': 0.008, 'vctk_clean': nan, 'vctk_deg': nan}
epoch=5 dt=5696s steps=2000 loss=0.0243 cls=0.0243 con=0.0000 mean_deg_dev_eer=0.0558 per={'asvspoof5_clean': 0.02, 'asvspoof5_deg': 0.0819, 'diffssd_clean': 0.0344, 'diffssd_deg': 0.0716, 'fakeorreal_clean': 0.001, 'fakeorreal_deg': 0.014, 'vctk_clean': nan, 'vctk_deg': nan}
epoch=6 dt=5685s steps=2000 loss=0.0202 cls=0.0202 con=0.0000 mean_deg_dev_eer=0.0473 per={'asvspoof5_clean': 0.0399, 'asvspoof5_deg': 0.093, 'diffssd_clean': 0.017, 'diffssd_deg': 0.041, 'fakeorreal_clean': 0.0, 'fakeorreal_deg': 0.008, 'vctk_clean': nan, 'vctk_deg': nan}
epoch=7 dt=5749s steps=2000 loss=0.0202 cls=0.0202 con=0.0000 mean_deg_dev_eer=0.0374 per={'asvspoof5_clean': 0.0172, 'asvspoof5_deg': 0.0558, 'diffssd_clean': 0.0189, 'diffssd_deg': 0.0464, 'fakeorreal_clean': 0.0, 'fakeorreal_deg': 0.01, 'vctk_clean': nan, 'vctk_deg': nan}
epoch=8 dt=5786s steps=2000 loss=0.0180 cls=0.0180 con=0.0000 mean_deg_dev_eer=0.0460 per={'asvspoof5_clean': 0.0351, 'asvspoof5_deg': 0.0864, 'diffssd_clean': 0.012, 'diffssd_deg': 0.0425, 'fakeorreal_clean': 0.0, 'fakeorreal_deg': 0.009, 'vctk_clean': nan, 'vctk_deg': nan}
epoch=9 dt=6385s steps=2000 loss=0.0175 cls=0.0175 con=0.0000 mean_deg_dev_eer=0.0523 per={'asvspoof5_clean': 0.0307, 'asvspoof5_deg': 0.0974, 'diffssd_clean': 0.024, 'diffssd_deg': 0.0514, 'fakeorreal_clean': 0.001, 'fakeorreal_deg': 0.008, 'vctk_clean': nan, 'vctk_deg': nan}
epoch=10 dt=6182s steps=2000 loss=0.0167 cls=0.0167 con=0.0000 mean_deg_dev_eer=0.0523 per={'asvspoof5_clean': 0.062, 'asvspoof5_deg': 0.1129, 'diffssd_clean': 0.0155, 'diffssd_deg': 0.0328, 'fakeorreal_clean': 0.0, 'fakeorreal_deg': 0.011, 'vctk_clean': nan, 'vctk_deg': nan}
epoch=11 dt=5735s steps=2000 loss=0.0152 cls=0.0152 con=0.0000 mean_deg_dev_eer=0.0526 per={'asvspoof5_clean': 0.0554, 'asvspoof5_deg': 0.1129, 'diffssd_clean': 0.0139, 'diffssd_deg': 0.0379, 'fakeorreal_clean': 0.0, 'fakeorreal_deg': 0.007, 'vctk_clean': nan, 'vctk_deg': nan}
epoch=12 dt=5721s steps=2000 loss=0.0146 cls=0.0146 con=0.0000 mean_deg_dev_eer=0.0473 per={'asvspoof5_clean': 0.031, 'asvspoof5_deg': 0.0885, 'diffssd_clean': 0.024, 'diffssd_deg': 0.0445, 'fakeorreal_clean': 0.0, 'fakeorreal_deg': 0.009, 'vctk_clean': nan, 'vctk_deg': nan}
epoch=13 dt=5799s steps=2000 loss=0.0136 cls=0.0136 con=0.0000 mean_deg_dev_eer=0.0437 per={'asvspoof5_clean': 0.0182, 'asvspoof5_deg': 0.0685, 'diffssd_clean': 0.024, 'diffssd_deg': 0.0545, 'fakeorreal_clean': 0.0, 'fakeorreal_deg': 0.008, 'vctk_clean': nan, 'vctk_deg': nan}
early_stop epoch=13 best=0.0374

sharg@erniyazov207942 MINGW64 ~/Desktop/next mission/RADAR AudioShield/new_model (dataset/asvspoof5-train)
$
