
sharg@erniyazov207942 MINGW64 ~/Desktop/next mission/RADAR AudioShield (main)
$ python implementation/scripts/train.py \
  --dataset-root datasets/03_DiffSSD \
  --output-dir implementation/runs/diffssd_wavlm_mild_sharg \
  --ssl-model-name microsoft/wavlm-base-plus \
  --epochs 100 \
  --batch-size 8 \
  --learning-rate 0.0002 \
  --weight-decay 0.0001 \
  --num-workers 8 \
  --prefetch-factor 2 \
  --duration-seconds 4.0 \
  --sample-rate 16000 \
  --balanced-sampler \
  --spoof-loss-weight 1.25 \
  --method-loss-weight 0.1 \
  --media-state-loss-weight 0.2 \
  --target-prototype-loss-weight 0.3 \
  --method-prototype-loss-weight 0.05 \
  --bona-fide-compactness-weight 0.1 \
  --energy-loss-weight 0.02 \
  --consistency-loss-weight 0.1 \
  --focal-gamma 1.0 \
  --spoof-pos-weight 1.0 \
  --early-stopping-patience 12
Loading weights: 100%|##########| 248/248 [00:00<00:00, 7022.17it/s, Materializing param=masked_spec_embed]
C:\Users\sharg\Desktop\next mission\RADAR AudioShield\implementation\scripts\train.py:142: FutureWarning: `torch.cuda.amp.GradScaler(args...)` is deprecated. Please use `torch.amp.GradScaler('cuda', args...)` instead.
  scaler = torch.cuda.amp.GradScaler(enabled=device.type == "cuda" and not args.no_amp)
device=cuda amp=True train_items=31690 val_items=7923 train_batches=3962 val_batches=991 batch_size=8 workers=8 balanced_sampler=True score_mode=logit
train 1/100:   0%|          | 0/3962 [00:00<?, ?it/s]C:\Users\sharg\Desktop\next mission\RADAR AudioShield\implementation\scripts\train.py:257: FutureWarning: `torch.cuda.amp.autocast(args...)` is deprecated. Please use `torch.amp.autocast('cuda', args...)` instead.
  with torch.cuda.amp.autocast(enabled=use_amp):
epoch=1 seconds=1466.8 loss=1.7088 val_eer=0.0594 val_ece=0.0738 val_acc=0.9375
epoch=2 seconds=1422.5 loss=1.4016 val_eer=0.0702 val_ece=0.0732 val_acc=0.9334
epoch=3 seconds=1419.2 loss=1.1139 val_eer=0.0414 val_ece=0.1164 val_acc=0.9335
epoch=4 seconds=1488.6 loss=0.9924 val_eer=0.0511 val_ece=0.1235 val_acc=0.8831
epoch=5 seconds=1594.2 loss=0.9124 val_eer=0.0524 val_ece=0.1455 val_acc=0.8699
epoch=6 seconds=1589.0 loss=0.8780 val_eer=0.0578 val_ece=0.1250 val_acc=0.9151
epoch=7 seconds=1823.0 loss=0.8555 val_eer=0.0458 val_ece=0.1152 val_acc=0.9224
epoch=8 seconds=2294.7 loss=0.8178 val_eer=0.0627 val_ece=0.1766 val_acc=0.8450
epoch=9 seconds=1640.8 loss=0.8124 val_eer=0.0495 val_ece=0.2472 val_acc=0.7738
epoch=10 seconds=1417.0 loss=0.7934 val_eer=0.0471 val_ece=0.1122 val_acc=0.8814
epoch=11 seconds=1421.8 loss=0.7830 val_eer=0.0685 val_ece=0.0618 val_acc=0.9233
epoch=12 seconds=1425.9 loss=0.7749 val_eer=0.0355 val_ece=0.1218 val_acc=0.9302
epoch=13 seconds=1422.2 loss=0.7647 val_eer=0.0413 val_ece=0.1636 val_acc=0.8622
epoch=14 seconds=1419.7 loss=0.7530 val_eer=0.0388 val_ece=0.1670 val_acc=0.8560
epoch=15 seconds=1476.6 loss=0.7490 val_eer=0.0289 val_ece=0.1759 val_acc=0.8378
epoch=16 seconds=1585.9 loss=0.7461 val_eer=0.0743 val_ece=0.1444 val_acc=0.8680
epoch=17 seconds=1571.5 loss=0.7351 val_eer=0.0367 val_ece=0.0923 val_acc=0.9252
epoch=18 seconds=1708.4 loss=0.7343 val_eer=0.0330 val_ece=0.2144 val_acc=0.7400
epoch=19 seconds=1494.7 loss=0.7264 val_eer=0.0582 val_ece=0.1417 val_acc=0.8672
epoch=20 seconds=1582.1 loss=0.7154 val_eer=0.0768 val_ece=0.0844 val_acc=0.8999
epoch=21 seconds=1603.2 loss=0.7114 val_eer=0.0244 val_ece=0.1385 val_acc=0.8725
epoch=22 seconds=1461.8 loss=0.7067 val_eer=0.0429 val_ece=0.1620 val_acc=0.8335
epoch=23 seconds=1404.2 loss=0.6991 val_eer=0.0309 val_ece=0.0690 val_acc=0.9440
epoch=24 seconds=1404.2 loss=0.6939 val_eer=0.0244 val_ece=0.0952 val_acc=0.9257
epoch=25 seconds=1401.1 loss=0.6924 val_eer=0.0554 val_ece=0.2566 val_acc=0.7012
epoch=26 seconds=1401.1 loss=0.6816 val_eer=0.0400 val_ece=0.1100 val_acc=0.9005
epoch=27 seconds=1404.9 loss=0.6851 val_eer=0.0366 val_ece=0.1852 val_acc=0.9061
epoch=28 seconds=1399.5 loss=0.6810 val_eer=0.0355 val_ece=0.1370 val_acc=0.9118
epoch=29 seconds=1405.9 loss=0.6749 val_eer=0.0570 val_ece=0.1589 val_acc=0.7755
epoch=30 seconds=1407.8 loss=0.6706 val_eer=0.0569 val_ece=0.1570 val_acc=0.8373
epoch=31 seconds=1403.5 loss=0.6711 val_eer=0.0520 val_ece=0.1434 val_acc=0.8747
epoch=32 seconds=1403.3 loss=0.6648 val_eer=0.0251 val_ece=0.1373 val_acc=0.8682
epoch=33 seconds=1404.4 loss=0.6554 val_eer=0.0334 val_ece=0.1862 val_acc=0.8040
early_stop epoch=33 best_val_eer=0.0244 patience=12




sharg@erniyazov207942 MINGW64 ~/Desktop/next mission/RADAR AudioShield (dataset/fakeorreal-train)
$ python implementation/scripts/evaluate.py \
  --dataset-root datasets/03_DiffSSD \
  --checkpoint implementation/runs/diffssd_wavlm_mild_sharg/best.pt \
  --split test --batch-size 8 --num-workers 8 \
  --output-json implementation/runs/diffssd_wavlm_mild_sharg/test_metrics.json \
  --output-csv implementation/runs/diffssd_wavlm_mild_sharg/test_records.csv
C:\Users\sharg\Desktop\next mission\RADAR AudioShield\implementation\scripts\evaluate.py:47: FutureWarning: You are using `torch.load` with `weights_only=False` (the current default value), which uses the default pickle module implicitly. It is possible to construct malicious pickle data which will execute arbitrary code during unpickling (See https://github.com/pytorch/pytorch/blob/main/SECURITY.md#untrusted-models for more details). In a future release, the default value for `weights_only` will be flipped to `True`. This limits the functions that could be executed during unpickling. Arbitrary objects will no longer be allowed to be loaded via this mode unless they are explicitly allowlisted by the user via `torch.serialization.add_safe_globals`. We recommend you start setting `weights_only=True` for any use case where you don't have full control of the loaded file. Please open an issue on GitHub for any issues related to this experimental feature.
  checkpoint = torch.load(args.checkpoint, map_location="cpu")
Loading weights: 100%|##########| 248/248 [00:00<00:00, 5225.52it/s, Materializing param=masked_spec_embed]
device=cuda split=test items=54613 batches=6827 batch_size=8 workers=8
{
  "n": 54613.0,
  "eer": 0.0634839321875865,
  "eer_threshold": 0.06677243858575821,
  "ece": 0.17010522164417213,
  "accuracy": 0.8392507278486807,
  "balanced_accuracy": 0.8929399497865687,
  "best_accuracy": 0.9430721623056781,
  "best_accuracy_threshold": 0.06290515512228012
}
Wrote implementation/runs/diffssd_wavlm_mild_sharg/test_metrics.json and implementation/runs/diffssd_wavlm_mild_sharg/test_records.csv

sharg@erniyazov207942 MINGW64 ~/Desktop/next mission/RADAR AudioShield (dataset/fakeorreal-train)
$




sharg@erniyazov207942 MINGW64 ~/Desktop/next mission/RADAR AudioShield (dataset/fakeorreal-train)
$ python implementation/scripts/evaluate.py \
  --dataset-root datasets/02_In-the-Wild/release_in_the_wild \
  --checkpoint implementation/runs/diffssd_wavlm_mild_sharg/best.pt \
  --split test --batch-size 8 --num-workers 8 \
  --output-json implementation/runs/diffssd_wavlm_mild_sharg/inthewild_metrics.json \
  --output-csv implementation/runs/diffssd_wavlm_mild_sharg/inthewild_records.csv
C:\Users\sharg\Desktop\next mission\RADAR AudioShield\implementation\scripts\evaluate.py:47: FutureWarning: You are using `torch.load` with `weights_only=False` (the current default value), which uses the default pickle module implicitly. It is possible to construct malicious pickle data which will execute arbitrary code during unpickling (See https://github.com/pytorch/pytorch/blob/main/SECURITY.md#untrusted-models for more details). In a future release, the default value for `weights_only` will be flipped to `True`. This limits the functions that could be executed during unpickling. Arbitrary objects will no longer be allowed to be loaded via this mode unless they are explicitly allowlisted by the user via `torch.serialization.add_safe_globals`. We recommend you start setting `weights_only=True` for any use case where you don't have full control of the loaded file. Please open an issue on GitHub for any issues related to this experimental feature.
  checkpoint = torch.load(args.checkpoint, map_location="cpu")
Loading weights: 100%|##########| 248/248 [00:00<00:00, 4796.58it/s, Materializing param=masked_spec_embed]
device=cuda split=test items=31779 batches=3973 batch_size=8 workers=8
{
  "n": 31779.0,
  "eer": 0.4681050621544237,
  "eer_threshold": 0.05962355062365532,
  "ece": 0.30392239273042027,
  "accuracy": 0.6309512571194814,
  "balanced_accuracy": 0.5046217611586173,
  "best_accuracy": 0.6332798388873155,
  "best_accuracy_threshold": 0.15145285427570343
}
Wrote implementation/runs/diffssd_wavlm_mild_sharg/inthewild_metrics.json and implementation/runs/diffssd_wavlm_mild_sharg/inthewild_records.csv

sharg@erniyazov207942 MINGW64 ~/Desktop/next mission/RADAR AudioShield (dataset/fakeorreal-train)
$




sharg@erniyazov207942 MINGW64 ~/Desktop/next mission/RADAR AudioShield (dataset/fakeorreal-train)
$ python implementation/scripts/evaluate.py \
  --dataset-root datasets/04_ReplayDF \
  --checkpoint implementation/runs/diffssd_wavlm_mild_sharg/best.pt \
  --split test --batch-size 8 --num-workers 8 \
  --output-json implementation/runs/diffssd_wavlm_mild_sharg/replaydf_metrics.json \
  --output-csv implementation/runs/diffssd_wavlm_mild_sharg/replaydf_records.csv
C:\Users\sharg\Desktop\next mission\RADAR AudioShield\implementation\scripts\evaluate.py:47: FutureWarning: You are using `torch.load` with `weights_only=False` (the current default value), which uses the default pickle module implicitly. It is possible to construct malicious pickle data which will execute arbitrary code during unpickling (See https://github.com/pytorch/pytorch/blob/main/SECURITY.md#untrusted-models for more details). In a future release, the default value for `weights_only` will be flipped to `True`. This limits the functions that could be executed during unpickling. Arbitrary objects will no longer be allowed to be loaded via this mode unless they are explicitly allowlisted by the user via `torch.serialization.add_safe_globals`. We recommend you start setting `weights_only=True` for any use case where you don't have full control of the loaded file. Please open an issue on GitHub for any issues related to this experimental feature.
  checkpoint = torch.load(args.checkpoint, map_location="cpu")
Loading weights: 100%|##########| 248/248 [00:00<00:00, 6236.77it/s, Materializing param=masked_spec_embed]
device=cuda split=test items=52320 batches=6540 batch_size=8 workers=8
{
  "n": 52320.0,
  "eer": 0.4770259938837921,
  "eer_threshold": 0.05995993688702583,
  "ece": 0.39406698491226383,
  "accuracy": 0.5087920489296636,
  "balanced_accuracy": 0.5087920489296636,
  "best_accuracy": 0.524579510703364,
  "best_accuracy_threshold": 0.060060109943151474
}
Wrote implementation/runs/diffssd_wavlm_mild_sharg/replaydf_metrics.json and implementation/runs/diffssd_wavlm_mild_sharg/replaydf_records.csv

sharg@erniyazov207942 MINGW64 ~/Desktop/next mission/RADAR AudioShield (dataset/fakeorreal-train)
$





sharg@erniyazov207942 MINGW64 ~/Desktop/next mission/RADAR AudioShield (dataset/fakeorreal-train)
$ python implementation/scripts/train.py \
  --dataset-root datasets/07_FakeOrReal/for-original \
  --output-dir implementation/runs/fakeorreal_wavlm_mild_sharg \
  --ssl-model-name microsoft/wavlm-base-plus \
  --epochs 100 --batch-size 8 \
  --learning-rate 0.0002 --weight-decay 0.0001 \
  --num-workers 8 --prefetch-factor 2 \
  --duration-seconds 4.0 --sample-rate 16000 \
  --balanced-sampler \
  --spoof-loss-weight 1.25 --method-loss-weight 0.1 \
  --media-state-loss-weight 0.2 --target-prototype-loss-weight 0.3 \
  --method-prototype-loss-weight 0.05 --bona-fide-compactness-weight 0.1 \
  --energy-loss-weight 0.02 --consistency-loss-weight 0.1 \
  --focal-gamma 1.0 --spoof-pos-weight 1.0 \
  --early-stopping-patience 12 \
  2>&1 | tee implementation/runs/fakeorreal_train_log.txt
Loading weights: 100%|##########| 248/248 [00:00<00:00, 6888.20it/s, Materializing param=masked_spec_embed]
C:\Users\sharg\Desktop\next mission\RADAR AudioShield\implementation\scripts\train.py:142: FutureWarning: `torch.cuda.amp.GradScaler(args...)` is deprecated. Please use `torch.amp.GradScaler('cuda', args...)` instead.
  scaler = torch.cuda.amp.GradScaler(enabled=device.type == "cuda" and not args.no_amp)
device=cuda amp=True train_items=53868 val_items=10798 train_batches=6734 val_batches=1350 batch_size=8 workers=8 balanced_sampler=True score_mode=logit
train 1/100:   0%|          | 0/6734 [00:00<?, ?it/s]C:\Users\sharg\Desktop\next mission\RADAR AudioShield\implementation\scripts\train.py:257: FutureWarning: `torch.cuda.amp.autocast(args...)` is deprecated. Please use `torch.amp.autocast('cuda', args...)` instead.
  with torch.cuda.amp.autocast(enabled=use_amp):
epoch=1 seconds=2460.2 loss=1.2827 val_eer=0.0126 val_ece=0.0978 val_acc=0.9815
epoch=2 seconds=2534.0 loss=0.8060 val_eer=0.0106 val_ece=0.1090 val_acc=0.9743
epoch=3 seconds=2594.6 loss=0.6919 val_eer=0.0148 val_ece=0.0615 val_acc=0.9587
epoch=4 seconds=2641.2 loss=0.6478 val_eer=0.0070 val_ece=0.0784 val_acc=0.9837
epoch=5 seconds=2395.0 loss=0.6248 val_eer=0.0070 val_ece=0.0682 val_acc=0.9775
epoch=6 seconds=2364.1 loss=0.6021 val_eer=0.0065 val_ece=0.0942 val_acc=0.9842
epoch=7 seconds=2362.0 loss=0.5864 val_eer=0.0052 val_ece=0.0503 val_acc=0.9916
epoch=8 seconds=2366.7 loss=0.5690 val_eer=0.0035 val_ece=0.0532 val_acc=0.9860
epoch=9 seconds=2361.3 loss=0.5630 val_eer=0.0037 val_ece=0.0571 val_acc=0.9883
epoch=10 seconds=2367.4 loss=0.5515 val_eer=0.0067 val_ece=0.0563 val_acc=0.9906
epoch=11 seconds=2367.7 loss=0.5474 val_eer=0.0043 val_ece=0.0549 val_acc=0.9867
epoch=12 seconds=2369.3 loss=0.5400 val_eer=0.0031 val_ece=0.0530 val_acc=0.9950
epoch=13 seconds=2362.9 loss=0.5288 val_eer=0.0028 val_ece=0.0328 val_acc=0.9926
epoch=14 seconds=2361.9 loss=0.5269 val_eer=0.0037 val_ece=0.0414 val_acc=0.9953
epoch=15 seconds=2367.5 loss=0.5187 val_eer=0.0035 val_ece=0.0388 val_acc=0.9913
epoch=16 seconds=2353.9 loss=0.5146 val_eer=0.0033 val_ece=0.0471 val_acc=0.9943
epoch=17 seconds=2367.6 loss=0.5181 val_eer=0.0020 val_ece=0.0413 val_acc=0.9927
epoch=18 seconds=2365.6 loss=0.5059 val_eer=0.0026 val_ece=0.0512 val_acc=0.9939
epoch=19 seconds=2358.0 loss=0.5023 val_eer=0.0020 val_ece=0.0414 val_acc=0.9937
epoch=20 seconds=2365.0 loss=0.5025 val_eer=0.0020 val_ece=0.0221 val_acc=0.9918
epoch=21 seconds=2366.5 loss=0.4999 val_eer=0.0015 val_ece=0.0246 val_acc=0.9964
epoch=22 seconds=2361.3 loss=0.4973 val_eer=0.0033 val_ece=0.0298 val_acc=0.9975
epoch=23 seconds=5929.0 loss=0.4939 val_eer=0.0019 val_ece=0.0284 val_acc=0.9969
epoch=24 seconds=2358.6 loss=0.4919 val_eer=0.0024 val_ece=0.0293 val_acc=0.9956
epoch=25 seconds=2361.0 loss=0.4906 val_eer=0.0031 val_ece=0.0433 val_acc=0.9870
epoch=26 seconds=2360.9 loss=0.4861 val_eer=0.0020 val_ece=0.0260 val_acc=0.9971
epoch=27 seconds=2363.5 loss=0.4827 val_eer=0.0020 val_ece=0.0356 val_acc=0.9881
epoch=28 seconds=2365.5 loss=0.4822 val_eer=0.0019 val_ece=0.0236 val_acc=0.9951
epoch=29 seconds=2357.6 loss=0.4791 val_eer=0.0024 val_ece=0.0346 val_acc=0.9973
epoch=30 seconds=2358.7 loss=0.4760 val_eer=0.0013 val_ece=0.0476 val_acc=0.9965
epoch=31 seconds=2355.8 loss=0.4765 val_eer=0.0017 val_ece=0.0349 val_acc=0.9885
epoch=32 seconds=2363.3 loss=0.4728 val_eer=0.0022 val_ece=0.0399 val_acc=0.9916
epoch=33 seconds=2364.0 loss=0.4719 val_eer=0.0019 val_ece=0.0305 val_acc=0.9932
epoch=34 seconds=2654.1 loss=0.4720 val_eer=0.0022 val_ece=0.0382 val_acc=0.9847
epoch=35 seconds=2643.4 loss=0.4673 val_eer=0.0026 val_ece=0.0311 val_acc=0.9902
epoch=36 seconds=2681.6 loss=0.4696 val_eer=0.0015 val_ece=0.0286 val_acc=0.9876
epoch=37 seconds=2664.1 loss=0.4675 val_eer=0.0017 val_ece=0.0221 val_acc=0.9964
epoch=38 seconds=2645.6 loss=0.4701 val_eer=0.0015 val_ece=0.0315 val_acc=0.9963
epoch=39 seconds=2612.6 loss=0.4625 val_eer=0.0017 val_ece=0.0280 val_acc=0.9813
epoch=40 seconds=2599.8 loss=0.4711 val_eer=0.0015 val_ece=0.0267 val_acc=0.9976
train 41/100:  44%|####4     | 2976/6734 [17:27<19:55,  3.14it/s, loss=0.4624, lr=2.00e-04, spoof=0.0134]train 41/100:  44%|####4     | 2977/6734 [17:27<21:03,  2.97it/s, loss=0.4624, lr=train 41/100:  44%|####4     | 2977/6734 [17:28<21:03,  2.97it/s, loss=0.4624, lr=train 41/100:  44%|####4     | 2978/6734 [17:28<21:18,  2.94it/s, loss=0.4624, lr=train 41/100:  44%|####4     | 2978/6734 [17:28<21:18,  2.94it/s, loss=0.4624, lr=train 41/100:  44%|####4     | 2979/6734 [17:28<24:07,  2.60it/s, loss=0.4624, lr=train 41/100:  44%|####4     | 2979/6734 [17:29<24:07,  2.60it/s, loss=0.4624, lr=train 41/100:  44%|####4     | 2980/6734 [17:29<24:00,  2.61it/s, loss=0.4624, lr=train 41/100:  44%|####4     | 2980/6734 [17:29<24:00,  2.61it/s, loss=0.4624, lr=train 41/100:  44%|####4     | 2981/6734 [17:29<22:38,  2.76it/s, loss=0.4624, lr=train 41/100:  44%|####4     | 2981/6734 [17:29<22:38,  2.76it/s, loss=0.4624, lr=train 41/100:  44%|####4     | 2982/6734 [17:29<22:06,  2.83it/s, loss=0.4624, lr=train 41/100:  44%|####4     | 2982/6734 [17:30<22:06,  2.83it/s, loss=0.4627, lr=train 41/100:  44%|####4     | 2983/6734 [17:30<20:49,  3.00it/s, loss=0.4627, lr=train 41/100:  44%|####4     | 2983/6734 [17:30<20:49,  3.00it/s, loss=0.4626, lr=train 41/100:  44%|####4     | 2984/6734 [17:30<19:27,  3.21it/s, loss=0.4626, lr=train 41/100:  44%|####4     | 2984/6734 [17:30<19:27,  3.21it/s, loss=0.4627, lr=train 41/100:  44%|####4     | 2985/6734 [17:30<18:27,  3.39it/s, loss=0.4627, lr=train 41/100:  44%|####4     | 2985/6734 [17:30<18:27,  3.39it/s, loss=0.4627, lr=train 41/100:  44%|####4     | 2986/6734 [17:30<19:59,  3.12it/s, loss=0.4627, lr=train 41/100:  44%|####4     | 2986/6734 [17:31<19:59,  3.12it/s, loss=0.4626, lr=train 41/100:  44%|####4     | 2987/6734 [17:31<20:49,  3.00it/s, loss=0.4626, lr=train 41/100:  44%|####4     | 2987/6734 [17:31<20:49,  3.00it/s, loss=0.4626, lr=train 41/100:  44%|####4     | 2988/6734 [17:31<20:09,  3.10it/s, loss=0.4626, lr=train 41/100:  44%|####4     | 2988/6734 [17:31<20:09,  3.10it/s, loss=0.4626, lr=train 41/100:  44%|####4     | 2989/6734 [17:31<19:23,  3.22it/s, loss=0.4626, lr=train 41/100:  44%|####4     | 2989/6734 [17:32<19:23,  3.22it/s, loss=0.4626, lr=train 41/100:  44%|####4     | 2990/6734 [17:32<19:04,  3.27it/s, loss=0.4626, lr=train 41/100:  44%|####4     | 2990/6734 [17:32<19:04,  3.27it/s, loss=0.4626, lr=train 41/100:  44%|####4     | 2991/6734 [17:32<19:03,  3.27it/s, loss=0.4626, lr=train 41/100:  44%|####4     | 2991/6734 [17:32<19:03,  3.27it/s, loss=0.4627, lr=train 41/100:  44%|####4     | 2992/6734 [17:32<18:20,  3.40it/s, loss=0.4627, lr=train 41/100:  44%|####4     | 2992/6734 [17:33<18:20,  3.40it/s, loss=0.4627, lr=train 41/100:  44%|####4     | 2993/6734 [17:33<20:07,  3.10it/s, loss=0.4627, lr=train 41/100:  44%|####4     | 2993/6734 [17:33<20:07,  3.10it/s, loss=0.4627, lr=train 41/100:  44%|####4     | 2994/6734 [17:33<19:37,  3.18it/s, loss=0.4627, lr=train 41/100:  44%|####4     | 2994/6734 [17:33<19:37,  3.18it/s, loss=0.4627, lr=train 41/100:  44%|####4     | 2995/6734 [17:33<20:32,  3.03it/s, loss=0.4627, lr=train 41/100:  44%|####4     | 2995/6734 [17:34<20:32,  3.03it/s, loss=0.4627, lr=train 41/100:  44%|####4     | 2996/6734 [17:34<20:22,  3.06it/s, loss=0.4627, lr=train 41/100:  44%|####4     | 2996/6734 [17:34<20:22,  3.06it/s, loss=0.4627, lr=train 41/100:  45%|####4     | 2997/6734 [17:34<19:29,  3.20it/s, loss=0.4627, lr=train 41/100:  45%|####4     | 2997/6734 [17:34<19:29,  3.20it/s, loss=0.4627, lr=train 41/100:  45%|####4     | 2998/6734 [17:34<22:03,  2.82it/s, loss=0.4627, lr=train 41/100:  45%|####4     | 2998/6734 [17:35<22:03,  2.82it/s, loss=0.4627, lr=train 41/100:  45%|####4     | 2999/6734 [17:35<21:46,  2.86it/s, loss=0.4627, lr=train 41/100:  45%|####4     | 2999/6734 [17:35<21:46,  2.86it/s, loss=0.4627, lr=train 41/100:  45%|####4     | 3000/6734 [17:35<20:06,  3.10it/s, loss=0.4627, lr=train 41/100:  45%|####4     | 3000/6734 [17:35<20:06,  3.10it/s, loss=0.4626, lr=train 41/100:  45%|####4     | 3001/6734 [17:35<20:07,  3.09it/s, loss=0.4626, lr=train 41/100:  45%|####4     | 3001/6734 [17:36<20:07,  3.09it/s, loss=0.4626, lr=train 41/100:  45%|####4     | 3002/6734 [17:36<21:04,  2.95it/s, loss=0.4626, lr=train 41/100:  45%|####4     | 3002/6734 [17:36<21:04,  2.95it/s, loss=0.4626, lr=train 41/100:  45%|####4     | 3003/6734 [17:36<20:06,  3.09it/s, loss=0.4626, lr=train 41/100:  45%|####4     | 3003/6734 [17:36<20:06,  3.09it/s, loss=0.4626, lr=train 41/100:  45%|####4     | 3004/6734 [17:36<21:01,  2.96it/s, loss=0.4626, lr=epoch=41 seconds=2438.3 loss=0.4622 val_eer=0.0020 val_ece=0.0327 val_acc=0.9956
epoch=42 seconds=2352.7 loss=0.4617 val_eer=0.0020 val_ece=0.0300 val_acc=0.9939
early_stop epoch=42 best_val_eer=0.0013 patience=12

sharg@erniyazov207942 MINGW64 ~/Desktop/next mission/RADAR AudioShield (dataset/asvspoof5-train)
$




sharg@erniyazov207942 MINGW64 ~/Desktop/next mission/RADAR AudioShield (dataset/asvspoof5-train)
$ python implementation/scripts/evaluate.py \
  --dataset-root datasets/07_FakeOrReal/for-original \
  --checkpoint implementation/runs/fakeorreal_wavlm_mild_sharg/best.pt \
  --split test --batch-size 8 --num-workers 8 \
  --output-json implementation/runs/fakeorreal_wavlm_mild_sharg/test_metrics.json \
  --output-csv implementation/runs/fakeorreal_wavlm_mild_sharg/test_records.csv
C:\Users\sharg\Desktop\next mission\RADAR AudioShield\implementation\scripts\evaluate.py:47: FutureWarning: You are using `torch.load` with `weights_only=False` (the current default value), which uses the default pickle module implicitly. It is possible to construct malicious pickle data which will execute arbitrary code during unpickling (See https://github.com/pytorch/pytorch/blob/main/SECURITY.md#untrusted-models for more details). In a future release, the default value for `weights_only` will be flipped to `True`. This limits the functions that could be executed during unpickling. Arbitrary objects will no longer be allowed to be loaded via this mode unless they are explicitly allowlisted by the user via `torch.serialization.add_safe_globals`. We recommend you start setting `weights_only=True` for any use case where you don't have full control of the loaded file. Please open an issue on GitHub for any issues related to this experimental feature.
  checkpoint = torch.load(args.checkpoint, map_location="cpu")
Loading weights: 100%|##########| 248/248 [00:00<00:00, 4646.12it/s, Materializing param=masked_spec_embed]
device=cuda split=test items=4634 batches=580 batch_size=8 workers=8
{
  "n": 4634.0,
  "eer": 0.005392792712200504,
  "eer_threshold": 0.08695242553949356,
  "ece": 0.05707397631879608,
  "accuracy": 0.9894259818731118,
  "balanced_accuracy": 0.9896130592953736,
  "best_accuracy": 0.9950366853690117,
  "best_accuracy_threshold": 0.08237196505069733
}
Wrote implementation/runs/fakeorreal_wavlm_mild_sharg/test_metrics.json and implementation/runs/fakeorreal_wavlm_mild_sharg/test_records.csv





sharg@erniyazov207942 MINGW64 ~/Desktop/next mission/RADAR AudioShield (dataset/asvspoof5-train)
$ python implementation/scripts/evaluate.py \
  --dataset-root datasets/02_In-the-Wild/release_in_the_wild \
  --checkpoint implementation/runs/fakeorreal_wavlm_mild_sharg/best.pt \
  --split test --batch-size 8 --num-workers 8 \
  --output-json implementation/runs/fakeorreal_wavlm_mild_sharg/inthewild_metrics.json \
  --output-csv implementation/runs/fakeorreal_wavlm_mild_sharg/inthewild_records.csv
C:\Users\sharg\Desktop\next mission\RADAR AudioShield\implementation\scripts\evaluate.py:47: FutureWarning: You are using `torch.load` with `weights_only=False` (the current default value), which uses the default pickle module implicitly. It is possible to construct malicious pickle data which will execute arbitrary code during unpickling (See https://github.com/pytorch/pytorch/blob/main/SECURITY.md#untrusted-models for more details). In a future release, the default value for `weights_only` will be flipped to `True`. This limits the functions that could be executed during unpickling. Arbitrary objects will no longer be allowed to be loaded via this mode unless they are explicitly allowlisted by the user via `torch.serialization.add_safe_globals`. We recommend you start setting `weights_only=True` for any use case where you don't have full control of the loaded file. Please open an issue on GitHub for any issues related to this experimental feature.
  checkpoint = torch.load(args.checkpoint, map_location="cpu")
Loading weights: 100%|##########| 248/248 [00:00<00:00, 6811.43it/s, Materializing param=masked_spec_embed]
device=cuda split=test items=31779 batches=3973 batch_size=8 workers=8
{
  "n": 31779.0,
  "eer": 0.6075449657187395,
  "eer_threshold": 0.06785766780376434,
  "ece": 0.2843234982632129,
  "accuracy": 0.6325560905000157,
  "balanced_accuracy": 0.5210441852125145,
  "best_accuracy": 0.6436325875578212,
  "best_accuracy_threshold": 0.07259810715913773
}
Wrote implementation/runs/fakeorreal_wavlm_mild_sharg/inthewild_metrics.json and implementation/runs/fakeorreal_wavlm_mild_sharg/inthewild_records.csv

sharg@erniyazov207942 MINGW64 ~/Desktop/next mission/RADAR AudioShield (dataset/asvspoof5-train)
$


